ERROR - 2026-03-07 21:07:29 --> Unknown column 'event_hash' in 'where clause'
in SYSTEMPATH\Database\MySQLi\Connection.php on line 300.
 1 SYSTEMPATH\Database\MySQLi\Connection.php(300): mysqli->query('SELECT *
FROM `shipment_events`
WHERE `event_hash` = \'ecc4195487c2a2a238aa057a3882fa0c\'
 LIMIT 1', 0)
 2 SYSTEMPATH\Database\BaseConnection.php(769): CodeIgniter\Database\MySQLi\Connection->execute('SELECT *
FROM `shipment_events`
WHERE `event_hash` = \'ecc4195487c2a2a238aa057a3882fa0c\'
 LIMIT 1')
 3 SYSTEMPATH\Database\BaseConnection.php(686): CodeIgniter\Database\BaseConnection->simpleQuery('SELECT *
FROM `shipment_events`
WHERE `event_hash` = \'ecc4195487c2a2a238aa057a3882fa0c\'
 LIMIT 1')
 4 SYSTEMPATH\Database\BaseBuilder.php(1649): CodeIgniter\Database\BaseConnection->query('SELECT *
FROM `shipment_events`
WHERE `event_hash` = :event_hash:
 LIMIT 1', [...], false)
 5 SYSTEMPATH\Model.php(296): CodeIgniter\Database\BaseBuilder->get()
 6 SYSTEMPATH\BaseModel.php(713): CodeIgniter\Model->doFirst()
 7 APPPATH\Controllers\CourierWebhook.php(60): CodeIgniter\BaseModel->first()
 8 APPPATH\Controllers\CourierWebhook.php(28): App\Controllers\CourierWebhook->handlePathao([...])
 9 SYSTEMPATH\CodeIgniter.php(951): App\Controllers\CourierWebhook->receive('pathao')
10 SYSTEMPATH\CodeIgniter.php(497): CodeIgniter\CodeIgniter->runController(Object(App\Controllers\CourierWebhook))
11 SYSTEMPATH\CodeIgniter.php(340): CodeIgniter\CodeIgniter->handleRequest(null, Object(Config\Cache), false)
12 SYSTEMPATH\Boot.php(417): CodeIgniter\CodeIgniter->run()
13 SYSTEMPATH\Boot.php(68): CodeIgniter\Boot::runCodeIgniter(Object(CodeIgniter\CodeIgniter))
14 FCPATH\index.php(59): CodeIgniter\Boot::bootWeb(Object(Config\Paths))
15 SYSTEMPATH\rewrite.php(44): require_once('D:\\Nesar Ahmed\\Work\\store-mid\\public\\index.php')
CRITICAL - 2026-03-07 21:07:29 --> CodeIgniter\Database\Exceptions\DatabaseException: Unknown column 'event_hash' in 'where clause'
[Method: POST, Route: api/webhook/courier/pathao]
in SYSTEMPATH\Database\BaseConnection.php on line 724.
 1 SYSTEMPATH\Database\BaseBuilder.php(1649): CodeIgniter\Database\BaseConnection->query('SELECT *
FROM `shipment_events`
WHERE `event_hash` = :event_hash:
 LIMIT 1', [...], false)
 2 SYSTEMPATH\Model.php(296): CodeIgniter\Database\BaseBuilder->get()
 3 SYSTEMPATH\BaseModel.php(713): CodeIgniter\Model->doFirst()
 4 APPPATH\Controllers\CourierWebhook.php(60): CodeIgniter\BaseModel->first()
 5 APPPATH\Controllers\CourierWebhook.php(28): App\Controllers\CourierWebhook->handlePathao([...])
 6 SYSTEMPATH\CodeIgniter.php(951): App\Controllers\CourierWebhook->receive('pathao')
 7 SYSTEMPATH\CodeIgniter.php(497): CodeIgniter\CodeIgniter->runController(Object(App\Controllers\CourierWebhook))
 8 SYSTEMPATH\CodeIgniter.php(340): CodeIgniter\CodeIgniter->handleRequest(null, Object(Config\Cache), false)
 9 SYSTEMPATH\Boot.php(417): CodeIgniter\CodeIgniter->run()
10 SYSTEMPATH\Boot.php(68): CodeIgniter\Boot::runCodeIgniter(Object(CodeIgniter\CodeIgniter))
11 FCPATH\index.php(59): CodeIgniter\Boot::bootWeb(Object(Config\Paths))
12 SYSTEMPATH\rewrite.php(44): require_once('D:\\Nesar Ahmed\\Work\\store-mid\\public\\index.php')
CRITICAL - 2026-03-07 21:07:29 --> [Caused by] CodeIgniter\Database\Exceptions\DatabaseException: Unknown column 'event_hash' in 'where clause'
in SYSTEMPATH\Database\MySQLi\Connection.php on line 310.
 1 SYSTEMPATH\Database\BaseConnection.php(769): CodeIgniter\Database\MySQLi\Connection->execute('SELECT *
FROM `shipment_events`
WHERE `event_hash` = \'ecc4195487c2a2a238aa057a3882fa0c\'
 LIMIT 1')
 2 SYSTEMPATH\Database\BaseConnection.php(686): CodeIgniter\Database\BaseConnection->simpleQuery('SELECT *
FROM `shipment_events`
WHERE `event_hash` = \'ecc4195487c2a2a238aa057a3882fa0c\'
 LIMIT 1')
 3 SYSTEMPATH\Database\BaseBuilder.php(1649): CodeIgniter\Database\BaseConnection->query('SELECT *
FROM `shipment_events`
WHERE `event_hash` = :event_hash:
 LIMIT 1', [...], false)
 4 SYSTEMPATH\Model.php(296): CodeIgniter\Database\BaseBuilder->get()
 5 SYSTEMPATH\BaseModel.php(713): CodeIgniter\Model->doFirst()
 6 APPPATH\Controllers\CourierWebhook.php(60): CodeIgniter\BaseModel->first()
 7 APPPATH\Controllers\CourierWebhook.php(28): App\Controllers\CourierWebhook->handlePathao([...])
 8 SYSTEMPATH\CodeIgniter.php(951): App\Controllers\CourierWebhook->receive('pathao')
 9 SYSTEMPATH\CodeIgniter.php(497): CodeIgniter\CodeIgniter->runController(Object(App\Controllers\CourierWebhook))
10 SYSTEMPATH\CodeIgniter.php(340): CodeIgniter\CodeIgniter->handleRequest(null, Object(Config\Cache), false)
11 SYSTEMPATH\Boot.php(417): CodeIgniter\CodeIgniter->run()
12 SYSTEMPATH\Boot.php(68): CodeIgniter\Boot::runCodeIgniter(Object(CodeIgniter\CodeIgniter))
13 FCPATH\index.php(59): CodeIgniter\Boot::bootWeb(Object(Config\Paths))
14 SYSTEMPATH\rewrite.php(44): require_once('D:\\Nesar Ahmed\\Work\\store-mid\\public\\index.php')
CRITICAL - 2026-03-07 21:07:29 --> [Caused by] mysqli_sql_exception: Unknown column 'event_hash' in 'where clause'
in SYSTEMPATH\Database\MySQLi\Connection.php on line 300.
 1 SYSTEMPATH\Database\MySQLi\Connection.php(300): mysqli->query('SELECT *
FROM `shipment_events`
WHERE `event_hash` = \'ecc4195487c2a2a238aa057a3882fa0c\'
 LIMIT 1', 0)
 2 SYSTEMPATH\Database\BaseConnection.php(769): CodeIgniter\Database\MySQLi\Connection->execute('SELECT *
FROM `shipment_events`
WHERE `event_hash` = \'ecc4195487c2a2a238aa057a3882fa0c\'
 LIMIT 1')
 3 SYSTEMPATH\Database\BaseConnection.php(686): CodeIgniter\Database\BaseConnection->simpleQuery('SELECT *
FROM `shipment_events`
WHERE `event_hash` = \'ecc4195487c2a2a238aa057a3882fa0c\'
 LIMIT 1')
 4 SYSTEMPATH\Database\BaseBuilder.php(1649): CodeIgniter\Database\BaseConnection->query('SELECT *
FROM `shipment_events`
WHERE `event_hash` = :event_hash:
 LIMIT 1', [...], false)
 5 SYSTEMPATH\Model.php(296): CodeIgniter\Database\BaseBuilder->get()
 6 SYSTEMPATH\BaseModel.php(713): CodeIgniter\Model->doFirst()
 7 APPPATH\Controllers\CourierWebhook.php(60): CodeIgniter\BaseModel->first()
 8 APPPATH\Controllers\CourierWebhook.php(28): App\Controllers\CourierWebhook->handlePathao([...])
 9 SYSTEMPATH\CodeIgniter.php(951): App\Controllers\CourierWebhook->receive('pathao')
10 SYSTEMPATH\CodeIgniter.php(497): CodeIgniter\CodeIgniter->runController(Object(App\Controllers\CourierWebhook))
11 SYSTEMPATH\CodeIgniter.php(340): CodeIgniter\CodeIgniter->handleRequest(null, Object(Config\Cache), false)
12 SYSTEMPATH\Boot.php(417): CodeIgniter\CodeIgniter->run()
13 SYSTEMPATH\Boot.php(68): CodeIgniter\Boot::runCodeIgniter(Object(CodeIgniter\CodeIgniter))
14 FCPATH\index.php(59): CodeIgniter\Boot::bootWeb(Object(Config\Paths))
15 SYSTEMPATH\rewrite.php(44): require_once('D:\\Nesar Ahmed\\Work\\store-mid\\public\\index.php')
ERROR - 2026-03-07 21:07:39 --> Unknown column 'event_hash' in 'where clause'
in SYSTEMPATH\Database\MySQLi\Connection.php on line 300.
 1 SYSTEMPATH\Database\MySQLi\Connection.php(300): mysqli->query('SELECT *
FROM `shipment_events`
WHERE `event_hash` = \'ecc4195487c2a2a238aa057a3882fa0c\'
 LIMIT 1', 0)
 2 SYSTEMPATH\Database\BaseConnection.php(769): CodeIgniter\Database\MySQLi\Connection->execute('SELECT *
FROM `shipment_events`
WHERE `event_hash` = \'ecc4195487c2a2a238aa057a3882fa0c\'
 LIMIT 1')
 3 SYSTEMPATH\Database\BaseConnection.php(686): CodeIgniter\Database\BaseConnection->simpleQuery('SELECT *
FROM `shipment_events`
WHERE `event_hash` = \'ecc4195487c2a2a238aa057a3882fa0c\'
 LIMIT 1')
 4 SYSTEMPATH\Database\BaseBuilder.php(1649): CodeIgniter\Database\BaseConnection->query('SELECT *
FROM `shipment_events`
WHERE `event_hash` = :event_hash:
 LIMIT 1', [...], false)
 5 SYSTEMPATH\Model.php(296): CodeIgniter\Database\BaseBuilder->get()
 6 SYSTEMPATH\BaseModel.php(713): CodeIgniter\Model->doFirst()
 7 APPPATH\Controllers\CourierWebhook.php(60): CodeIgniter\BaseModel->first()
 8 APPPATH\Controllers\CourierWebhook.php(28): App\Controllers\CourierWebhook->handlePathao([...])
 9 SYSTEMPATH\CodeIgniter.php(951): App\Controllers\CourierWebhook->receive('pathao')
10 SYSTEMPATH\CodeIgniter.php(497): CodeIgniter\CodeIgniter->runController(Object(App\Controllers\CourierWebhook))
11 SYSTEMPATH\CodeIgniter.php(340): CodeIgniter\CodeIgniter->handleRequest(null, Object(Config\Cache), false)
12 SYSTEMPATH\Boot.php(417): CodeIgniter\CodeIgniter->run()
13 SYSTEMPATH\Boot.php(68): CodeIgniter\Boot::runCodeIgniter(Object(CodeIgniter\CodeIgniter))
14 FCPATH\index.php(59): CodeIgniter\Boot::bootWeb(Object(Config\Paths))
15 SYSTEMPATH\rewrite.php(44): require_once('D:\\Nesar Ahmed\\Work\\store-mid\\public\\index.php')
CRITICAL - 2026-03-07 21:07:39 --> CodeIgniter\Database\Exceptions\DatabaseException: Unknown column 'event_hash' in 'where clause'
[Method: POST, Route: api/webhook/courier/pathao]
in SYSTEMPATH\Database\BaseConnection.php on line 724.
 1 SYSTEMPATH\Database\BaseBuilder.php(1649): CodeIgniter\Database\BaseConnection->query('SELECT *
FROM `shipment_events`
WHERE `event_hash` = :event_hash:
 LIMIT 1', [...], false)
 2 SYSTEMPATH\Model.php(296): CodeIgniter\Database\BaseBuilder->get()
 3 SYSTEMPATH\BaseModel.php(713): CodeIgniter\Model->doFirst()
 4 APPPATH\Controllers\CourierWebhook.php(60): CodeIgniter\BaseModel->first()
 5 APPPATH\Controllers\CourierWebhook.php(28): App\Controllers\CourierWebhook->handlePathao([...])
 6 SYSTEMPATH\CodeIgniter.php(951): App\Controllers\CourierWebhook->receive('pathao')
 7 SYSTEMPATH\CodeIgniter.php(497): CodeIgniter\CodeIgniter->runController(Object(App\Controllers\CourierWebhook))
 8 SYSTEMPATH\CodeIgniter.php(340): CodeIgniter\CodeIgniter->handleRequest(null, Object(Config\Cache), false)
 9 SYSTEMPATH\Boot.php(417): CodeIgniter\CodeIgniter->run()
10 SYSTEMPATH\Boot.php(68): CodeIgniter\Boot::runCodeIgniter(Object(CodeIgniter\CodeIgniter))
11 FCPATH\index.php(59): CodeIgniter\Boot::bootWeb(Object(Config\Paths))
12 SYSTEMPATH\rewrite.php(44): require_once('D:\\Nesar Ahmed\\Work\\store-mid\\public\\index.php')
CRITICAL - 2026-03-07 21:07:39 --> [Caused by] CodeIgniter\Database\Exceptions\DatabaseException: Unknown column 'event_hash' in 'where clause'
in SYSTEMPATH\Database\MySQLi\Connection.php on line 310.
 1 SYSTEMPATH\Database\BaseConnection.php(769): CodeIgniter\Database\MySQLi\Connection->execute('SELECT *
FROM `shipment_events`
WHERE `event_hash` = \'ecc4195487c2a2a238aa057a3882fa0c\'
 LIMIT 1')
 2 SYSTEMPATH\Database\BaseConnection.php(686): CodeIgniter\Database\BaseConnection->simpleQuery('SELECT *
FROM `shipment_events`
WHERE `event_hash` = \'ecc4195487c2a2a238aa057a3882fa0c\'
 LIMIT 1')
 3 SYSTEMPATH\Database\BaseBuilder.php(1649): CodeIgniter\Database\BaseConnection->query('SELECT *
FROM `shipment_events`
WHERE `event_hash` = :event_hash:
 LIMIT 1', [...], false)
 4 SYSTEMPATH\Model.php(296): CodeIgniter\Database\BaseBuilder->get()
 5 SYSTEMPATH\BaseModel.php(713): CodeIgniter\Model->doFirst()
 6 APPPATH\Controllers\CourierWebhook.php(60): CodeIgniter\BaseModel->first()
 7 APPPATH\Controllers\CourierWebhook.php(28): App\Controllers\CourierWebhook->handlePathao([...])
 8 SYSTEMPATH\CodeIgniter.php(951): App\Controllers\CourierWebhook->receive('pathao')
 9 SYSTEMPATH\CodeIgniter.php(497): CodeIgniter\CodeIgniter->runController(Object(App\Controllers\CourierWebhook))
10 SYSTEMPATH\CodeIgniter.php(340): CodeIgniter\CodeIgniter->handleRequest(null, Object(Config\Cache), false)
11 SYSTEMPATH\Boot.php(417): CodeIgniter\CodeIgniter->run()
12 SYSTEMPATH\Boot.php(68): CodeIgniter\Boot::runCodeIgniter(Object(CodeIgniter\CodeIgniter))
13 FCPATH\index.php(59): CodeIgniter\Boot::bootWeb(Object(Config\Paths))
14 SYSTEMPATH\rewrite.php(44): require_once('D:\\Nesar Ahmed\\Work\\store-mid\\public\\index.php')
CRITICAL - 2026-03-07 21:07:39 --> [Caused by] mysqli_sql_exception: Unknown column 'event_hash' in 'where clause'
in SYSTEMPATH\Database\MySQLi\Connection.php on line 300.
 1 SYSTEMPATH\Database\MySQLi\Connection.php(300): mysqli->query('SELECT *
FROM `shipment_events`
WHERE `event_hash` = \'ecc4195487c2a2a238aa057a3882fa0c\'
 LIMIT 1', 0)
 2 SYSTEMPATH\Database\BaseConnection.php(769): CodeIgniter\Database\MySQLi\Connection->execute('SELECT *
FROM `shipment_events`
WHERE `event_hash` = \'ecc4195487c2a2a238aa057a3882fa0c\'
 LIMIT 1')
 3 SYSTEMPATH\Database\BaseConnection.php(686): CodeIgniter\Database\BaseConnection->simpleQuery('SELECT *
FROM `shipment_events`
WHERE `event_hash` = \'ecc4195487c2a2a238aa057a3882fa0c\'
 LIMIT 1')
 4 SYSTEMPATH\Database\BaseBuilder.php(1649): CodeIgniter\Database\BaseConnection->query('SELECT *
FROM `shipment_events`
WHERE `event_hash` = :event_hash:
 LIMIT 1', [...], false)
 5 SYSTEMPATH\Model.php(296): CodeIgniter\Database\BaseBuilder->get()
 6 SYSTEMPATH\BaseModel.php(713): CodeIgniter\Model->doFirst()
 7 APPPATH\Controllers\CourierWebhook.php(60): CodeIgniter\BaseModel->first()
 8 APPPATH\Controllers\CourierWebhook.php(28): App\Controllers\CourierWebhook->handlePathao([...])
 9 SYSTEMPATH\CodeIgniter.php(951): App\Controllers\CourierWebhook->receive('pathao')
10 SYSTEMPATH\CodeIgniter.php(497): CodeIgniter\CodeIgniter->runController(Object(App\Controllers\CourierWebhook))
11 SYSTEMPATH\CodeIgniter.php(340): CodeIgniter\CodeIgniter->handleRequest(null, Object(Config\Cache), false)
12 SYSTEMPATH\Boot.php(417): CodeIgniter\CodeIgniter->run()
13 SYSTEMPATH\Boot.php(68): CodeIgniter\Boot::runCodeIgniter(Object(CodeIgniter\CodeIgniter))
14 FCPATH\index.php(59): CodeIgniter\Boot::bootWeb(Object(Config\Paths))
15 SYSTEMPATH\rewrite.php(44): require_once('D:\\Nesar Ahmed\\Work\\store-mid\\public\\index.php')
ERROR - 2026-03-07 21:09:04 --> Unknown column 'event_hash' in 'where clause'
in SYSTEMPATH\Database\MySQLi\Connection.php on line 300.
 1 SYSTEMPATH\Database\MySQLi\Connection.php(300): mysqli->query('SELECT *
FROM `shipment_events`
WHERE `event_hash` = \'ecc4195487c2a2a238aa057a3882fa0c\'
 LIMIT 1', 0)
 2 SYSTEMPATH\Database\BaseConnection.php(769): CodeIgniter\Database\MySQLi\Connection->execute('SELECT *
FROM `shipment_events`
WHERE `event_hash` = \'ecc4195487c2a2a238aa057a3882fa0c\'
 LIMIT 1')
 3 SYSTEMPATH\Database\BaseConnection.php(686): CodeIgniter\Database\BaseConnection->simpleQuery('SELECT *
FROM `shipment_events`
WHERE `event_hash` = \'ecc4195487c2a2a238aa057a3882fa0c\'
 LIMIT 1')
 4 SYSTEMPATH\Database\BaseBuilder.php(1649): CodeIgniter\Database\BaseConnection->query('SELECT *
FROM `shipment_events`
WHERE `event_hash` = :event_hash:
 LIMIT 1', [...], false)
 5 SYSTEMPATH\Model.php(296): CodeIgniter\Database\BaseBuilder->get()
 6 SYSTEMPATH\BaseModel.php(713): CodeIgniter\Model->doFirst()
 7 APPPATH\Controllers\CourierWebhook.php(60): CodeIgniter\BaseModel->first()
 8 APPPATH\Controllers\CourierWebhook.php(28): App\Controllers\CourierWebhook->handlePathao([...])
 9 SYSTEMPATH\CodeIgniter.php(951): App\Controllers\CourierWebhook->receive('pathao')
10 SYSTEMPATH\CodeIgniter.php(497): CodeIgniter\CodeIgniter->runController(Object(App\Controllers\CourierWebhook))
11 SYSTEMPATH\CodeIgniter.php(340): CodeIgniter\CodeIgniter->handleRequest(null, Object(Config\Cache), false)
12 SYSTEMPATH\Boot.php(417): CodeIgniter\CodeIgniter->run()
13 SYSTEMPATH\Boot.php(68): CodeIgniter\Boot::runCodeIgniter(Object(CodeIgniter\CodeIgniter))
14 FCPATH\index.php(59): CodeIgniter\Boot::bootWeb(Object(Config\Paths))
15 SYSTEMPATH\rewrite.php(44): require_once('D:\\Nesar Ahmed\\Work\\store-mid\\public\\index.php')
CRITICAL - 2026-03-07 21:09:04 --> CodeIgniter\Database\Exceptions\DatabaseException: Unknown column 'event_hash' in 'where clause'
[Method: POST, Route: api/webhook/courier/pathao]
in SYSTEMPATH\Database\BaseConnection.php on line 724.
 1 SYSTEMPATH\Database\BaseBuilder.php(1649): CodeIgniter\Database\BaseConnection->query('SELECT *
FROM `shipment_events`
WHERE `event_hash` = :event_hash:
 LIMIT 1', [...], false)
 2 SYSTEMPATH\Model.php(296): CodeIgniter\Database\BaseBuilder->get()
 3 SYSTEMPATH\BaseModel.php(713): CodeIgniter\Model->doFirst()
 4 APPPATH\Controllers\CourierWebhook.php(60): CodeIgniter\BaseModel->first()
 5 APPPATH\Controllers\CourierWebhook.php(28): App\Controllers\CourierWebhook->handlePathao([...])
 6 SYSTEMPATH\CodeIgniter.php(951): App\Controllers\CourierWebhook->receive('pathao')
 7 SYSTEMPATH\CodeIgniter.php(497): CodeIgniter\CodeIgniter->runController(Object(App\Controllers\CourierWebhook))
 8 SYSTEMPATH\CodeIgniter.php(340): CodeIgniter\CodeIgniter->handleRequest(null, Object(Config\Cache), false)
 9 SYSTEMPATH\Boot.php(417): CodeIgniter\CodeIgniter->run()
10 SYSTEMPATH\Boot.php(68): CodeIgniter\Boot::runCodeIgniter(Object(CodeIgniter\CodeIgniter))
11 FCPATH\index.php(59): CodeIgniter\Boot::bootWeb(Object(Config\Paths))
12 SYSTEMPATH\rewrite.php(44): require_once('D:\\Nesar Ahmed\\Work\\store-mid\\public\\index.php')
CRITICAL - 2026-03-07 21:09:04 --> [Caused by] CodeIgniter\Database\Exceptions\DatabaseException: Unknown column 'event_hash' in 'where clause'
in SYSTEMPATH\Database\MySQLi\Connection.php on line 310.
 1 SYSTEMPATH\Database\BaseConnection.php(769): CodeIgniter\Database\MySQLi\Connection->execute('SELECT *
FROM `shipment_events`
WHERE `event_hash` = \'ecc4195487c2a2a238aa057a3882fa0c\'
 LIMIT 1')
 2 SYSTEMPATH\Database\BaseConnection.php(686): CodeIgniter\Database\BaseConnection->simpleQuery('SELECT *
FROM `shipment_events`
WHERE `event_hash` = \'ecc4195487c2a2a238aa057a3882fa0c\'
 LIMIT 1')
 3 SYSTEMPATH\Database\BaseBuilder.php(1649): CodeIgniter\Database\BaseConnection->query('SELECT *
FROM `shipment_events`
WHERE `event_hash` = :event_hash:
 LIMIT 1', [...], false)
 4 SYSTEMPATH\Model.php(296): CodeIgniter\Database\BaseBuilder->get()
 5 SYSTEMPATH\BaseModel.php(713): CodeIgniter\Model->doFirst()
 6 APPPATH\Controllers\CourierWebhook.php(60): CodeIgniter\BaseModel->first()
 7 APPPATH\Controllers\CourierWebhook.php(28): App\Controllers\CourierWebhook->handlePathao([...])
 8 SYSTEMPATH\CodeIgniter.php(951): App\Controllers\CourierWebhook->receive('pathao')
 9 SYSTEMPATH\CodeIgniter.php(497): CodeIgniter\CodeIgniter->runController(Object(App\Controllers\CourierWebhook))
10 SYSTEMPATH\CodeIgniter.php(340): CodeIgniter\CodeIgniter->handleRequest(null, Object(Config\Cache), false)
11 SYSTEMPATH\Boot.php(417): CodeIgniter\CodeIgniter->run()
12 SYSTEMPATH\Boot.php(68): CodeIgniter\Boot::runCodeIgniter(Object(CodeIgniter\CodeIgniter))
13 FCPATH\index.php(59): CodeIgniter\Boot::bootWeb(Object(Config\Paths))
14 SYSTEMPATH\rewrite.php(44): require_once('D:\\Nesar Ahmed\\Work\\store-mid\\public\\index.php')
CRITICAL - 2026-03-07 21:09:04 --> [Caused by] mysqli_sql_exception: Unknown column 'event_hash' in 'where clause'
in SYSTEMPATH\Database\MySQLi\Connection.php on line 300.
 1 SYSTEMPATH\Database\MySQLi\Connection.php(300): mysqli->query('SELECT *
FROM `shipment_events`
WHERE `event_hash` = \'ecc4195487c2a2a238aa057a3882fa0c\'
 LIMIT 1', 0)
 2 SYSTEMPATH\Database\BaseConnection.php(769): CodeIgniter\Database\MySQLi\Connection->execute('SELECT *
FROM `shipment_events`
WHERE `event_hash` = \'ecc4195487c2a2a238aa057a3882fa0c\'
 LIMIT 1')
 3 SYSTEMPATH\Database\BaseConnection.php(686): CodeIgniter\Database\BaseConnection->simpleQuery('SELECT *
FROM `shipment_events`
WHERE `event_hash` = \'ecc4195487c2a2a238aa057a3882fa0c\'
 LIMIT 1')
 4 SYSTEMPATH\Database\BaseBuilder.php(1649): CodeIgniter\Database\BaseConnection->query('SELECT *
FROM `shipment_events`
WHERE `event_hash` = :event_hash:
 LIMIT 1', [...], false)
 5 SYSTEMPATH\Model.php(296): CodeIgniter\Database\BaseBuilder->get()
 6 SYSTEMPATH\BaseModel.php(713): CodeIgniter\Model->doFirst()
 7 APPPATH\Controllers\CourierWebhook.php(60): CodeIgniter\BaseModel->first()
 8 APPPATH\Controllers\CourierWebhook.php(28): App\Controllers\CourierWebhook->handlePathao([...])
 9 SYSTEMPATH\CodeIgniter.php(951): App\Controllers\CourierWebhook->receive('pathao')
10 SYSTEMPATH\CodeIgniter.php(497): CodeIgniter\CodeIgniter->runController(Object(App\Controllers\CourierWebhook))
11 SYSTEMPATH\CodeIgniter.php(340): CodeIgniter\CodeIgniter->handleRequest(null, Object(Config\Cache), false)
12 SYSTEMPATH\Boot.php(417): CodeIgniter\CodeIgniter->run()
13 SYSTEMPATH\Boot.php(68): CodeIgniter\Boot::runCodeIgniter(Object(CodeIgniter\CodeIgniter))
14 FCPATH\index.php(59): CodeIgniter\Boot::bootWeb(Object(Config\Paths))
15 SYSTEMPATH\rewrite.php(44): require_once('D:\\Nesar Ahmed\\Work\\store-mid\\public\\index.php')
